I, [2017-01-24T03:41:01.891958 #46123]  INFO -- default-centos-72: -----> Converging <default-centos-72>...
I, [2017-01-24T03:41:01.892461 #46123]  INFO -- default-centos-72: Preparing files for transfer
I, [2017-01-24T03:41:01.892578 #46123]  INFO -- default-centos-72: Preparing dna.json
I, [2017-01-24T03:41:01.893029 #46123]  INFO -- default-centos-72: Resolving cookbook dependencies with Berkshelf 5.2.0...
I, [2017-01-24T03:41:07.295374 #46123]  INFO -- default-centos-72: Removing non-cookbook files before transfer
I, [2017-01-24T03:41:07.315104 #46123]  INFO -- default-centos-72: Preparing validation.pem
I, [2017-01-24T03:41:07.316787 #46123]  INFO -- default-centos-72: Preparing client.rb
I, [2017-01-24T03:41:07.542692 #46123]  INFO -- default-centos-72: /etc/profile.d/lang.sh: line 19: warning: setlocale: LC_CTYPE: cannot change locale (UTF-8): No such file or directory
I, [2017-01-24T03:41:07.562072 #46123]  INFO -- default-centos-72: -----> Chef Omnibus installation detected (install only if missing)
I, [2017-01-24T03:41:07.572626 #46123]  INFO -- default-centos-72: /etc/profile.d/lang.sh: line 19: warning: setlocale: LC_CTYPE: cannot change locale (UTF-8): No such file or directory
I, [2017-01-24T03:41:07.587260 #46123]  INFO -- default-centos-72: Transferring files to <default-centos-72>
I, [2017-01-24T03:41:08.141771 #46123]  INFO -- default-centos-72: /etc/profile.d/lang.sh: line 19: warning: setlocale: LC_CTYPE: cannot change locale (UTF-8): No such file or directory
I, [2017-01-24T03:41:09.520268 #46123]  INFO -- default-centos-72: Starting Chef Client, version 12.18.31
I, [2017-01-24T03:41:21.300486 #46123]  INFO -- default-centos-72: resolving cookbooks for run list: ["in_demo::default"]
I, [2017-01-24T03:41:21.898421 #46123]  INFO -- default-centos-72: Synchronizing Cookbooks:
I, [2017-01-24T03:41:21.910244 #46123]  INFO -- default-centos-72:   - in_demo (0.1.0)
I, [2017-01-24T03:41:21.910306 #46123]  INFO -- default-centos-72:   - java (1.46.0)
I, [2017-01-24T03:41:21.910419 #46123]  INFO -- default-centos-72:   - tomcat (2.3.4)
I, [2017-01-24T03:41:21.910447 #46123]  INFO -- default-centos-72:   - run-notifier (0.3.2)
I, [2017-01-24T03:41:21.910475 #46123]  INFO -- default-centos-72:   - apt (5.0.1)
I, [2017-01-24T03:41:21.922010 #46123]  INFO -- default-centos-72:   - homebrew (3.0.0)
I, [2017-01-24T03:41:21.933068 #46123]  INFO -- default-centos-72:   - compat_resource (12.16.3)
I, [2017-01-24T03:41:21.949701 #46123]  INFO -- default-centos-72:   - chef_handler (2.1.0)
I, [2017-01-24T03:41:21.949746 #46123]  INFO -- default-centos-72:   - ohai (4.2.3)
I, [2017-01-24T03:41:21.949763 #46123]  INFO -- default-centos-72:   - windows (2.1.1)
I, [2017-01-24T03:41:21.949808 #46123]  INFO -- default-centos-72: Installing Cookbook Gems:
I, [2017-01-24T03:41:21.949823 #46123]  INFO -- default-centos-72: Compiling Cookbooks...
I, [2017-01-24T03:41:21.974277 #46123]  INFO -- default-centos-72: [2017-01-24T11:41:22+00:00] WARN: Chef::Provider::AptRepository already exists!  Cannot create deprecation class for LWRP provider apt_repository from cookbook apt
I, [2017-01-24T03:41:21.985222 #46123]  INFO -- default-centos-72: [2017-01-24T11:41:22+00:00] WARN: AptRepository already exists!  Deprecation class overwrites Custom resource apt_repository from cookbook apt
I, [2017-01-24T03:41:22.063724 #46123]  INFO -- default-centos-72: Recipe: chef_handler::default
I, [2017-01-24T03:41:22.072246 #46123]  INFO -- default-centos-72:   * remote_directory[/tmp/kitchen/handlers] action create
I, [2017-01-24T03:41:22.072312 #46123]  INFO -- default-centos-72:   Recipe: <Dynamically Defined Resource>
I, [2017-01-24T03:41:22.072424 #46123]  INFO -- default-centos-72:     * cookbook_file[/tmp/kitchen/handlers/README] action create (up to date)
I, [2017-01-24T03:41:22.072461 #46123]  INFO -- default-centos-72:      (up to date)
I, [2017-01-24T03:41:22.072490 #46123]  INFO -- default-centos-72: Recipe: run-notifier::default
I, [2017-01-24T03:41:22.895010 #46123]  INFO -- default-centos-72:   * chef_gem[chef-handler-status_notifier] action upgrade (up to date)
I, [2017-01-24T03:41:23.024026 #46123]  INFO -- default-centos-72:   * chef_handler[StatusNotifierHandler] action enable (up to date)
I, [2017-01-24T03:41:23.024107 #46123]  INFO -- default-centos-72:   Converging 9 resources
I, [2017-01-24T03:41:23.024191 #46123]  INFO -- default-centos-72: Recipe: chef_handler::default
I, [2017-01-24T03:41:23.024213 #46123]  INFO -- default-centos-72:   * remote_directory[/tmp/kitchen/handlers] action nothing (skipped due to action :nothing)
I, [2017-01-24T03:41:23.024232 #46123]  INFO -- default-centos-72: Recipe: run-notifier::default
I, [2017-01-24T03:41:48.339317 #46123]  INFO -- default-centos-72:   * chef_gem[chef-handler-status_notifier] action upgrade (up to date)
I, [2017-01-24T03:41:48.340149 #46123]  INFO -- default-centos-72:   * chef_handler[StatusNotifierHandler] action nothing (skipped due to action :nothing)
I, [2017-01-24T03:41:48.340189 #46123]  INFO -- default-centos-72: Recipe: in_demo::default
I, [2017-01-24T03:41:49.673375 #46123]  INFO -- default-centos-72:   * yum_package[java-1.8.0-openjdk] action install (up to date)
I, [2017-01-24T03:41:49.683859 #46123]  INFO -- default-centos-72:   * tomcat_install[helloworld] action install
I, [2017-01-24T03:41:49.683909 #46123]  INFO -- default-centos-72:     * yum_package[tar] action install (up to date)
I, [2017-01-24T03:41:49.683936 #46123]  INFO -- default-centos-72:     * group[tomcat_helloworld] action create (up to date)
I, [2017-01-24T03:41:49.683953 #46123]  INFO -- default-centos-72:     * linux_user[tomcat_helloworld] action create (up to date)
I, [2017-01-24T03:41:49.699517 #46123]  INFO -- default-centos-72:     * directory[tomcat install dir] action create (up to date)
I, [2017-01-24T03:41:50.116524 #46123]  INFO -- default-centos-72:     * remote_file[apache 8.0.36 tarball] action create (up to date)
I, [2017-01-24T03:41:50.116588 #46123]  INFO -- default-centos-72:     * execute[extract tomcat tarball] action run (up to date)
I, [2017-01-24T03:41:50.116640 #46123]  INFO -- default-centos-72:     * execute[chown install dir as tomcat_helloworld] action run (skipped due to not_if)
I, [2017-01-24T03:41:50.116686 #46123]  INFO -- default-centos-72:     * link[/opt/tomcat_helloworld] action create (up to date)
I, [2017-01-24T03:41:50.116729 #46123]  INFO -- default-centos-72:      (up to date)
I, [2017-01-24T03:41:50.116751 #46123]  INFO -- default-centos-72:   * directory[/opt/config] action create (up to date)
I, [2017-01-24T03:41:50.116774 #46123]  INFO -- default-centos-72:   * template[/opt/config/application.properties] action create
I, [2017-01-24T03:41:50.118599 #46123]  INFO -- default-centos-72:     - create new file /opt/config/application.properties
I, [2017-01-24T03:41:50.118632 #46123]  INFO -- default-centos-72:     - update content in file /opt/config/application.properties from none to c2796d
I, [2017-01-24T03:41:50.118693 #46123]  INFO -- default-centos-72:     --- /opt/config/application.properties	2017-01-24 11:41:50.237370590 +0000
I, [2017-01-24T03:41:50.118716 #46123]  INFO -- default-centos-72:     +++ /opt/config/.chef-application20170124-16483-scka00.properties	2017-01-24 11:41:50.237370590 +0000
I, [2017-01-24T03:41:50.118747 #46123]  INFO -- default-centos-72:     @@ -1 +1,10 @@
I, [2017-01-24T03:41:50.118789 #46123]  INFO -- default-centos-72:     +spring.datasource.url=jdbc:mysql://192.168.33.34:3306/my_company
I, [2017-01-24T03:41:50.118836 #46123]  INFO -- default-centos-72:     +spring.datasource.username=db_user2
I, [2017-01-24T03:41:50.118871 #46123]  INFO -- default-centos-72:     +spring.datasource.password=user_password
I, [2017-01-24T03:41:50.118897 #46123]  INFO -- default-centos-72:     +spring.datasource.driver-class-name=com.mysql.jdbc.Driver
I, [2017-01-24T03:41:50.118910 #46123]  INFO -- default-centos-72:     +
I, [2017-01-24T03:41:50.118931 #46123]  INFO -- default-centos-72:     +spring.jpa.hibernate.ddl-auto=update
I, [2017-01-24T03:41:50.119026 #46123]  INFO -- default-centos-72:     +spring.jpa.database-platform=org.hibernate.dialect.MySQLDialect
I, [2017-01-24T03:41:50.119084 #46123]  INFO -- default-centos-72:     +spring.jpa.show-sql=true
I, [2017-01-24T03:41:50.119100 #46123]  INFO -- default-centos-72:     +server.port=8090
I, [2017-01-24T03:41:50.119129 #46123]  INFO -- default-centos-72:     - change mode from '' to '0755'
I, [2017-01-24T03:41:50.119141 #46123]  INFO -- default-centos-72:     - change owner from '' to 'tomcat_helloworld'
I, [2017-01-24T03:41:50.167510 #46123]  INFO -- default-centos-72:     - change group from '' to 'tomcat_helloworld'
I, [2017-01-24T03:41:50.167564 #46123]  INFO -- default-centos-72:     - restore selinux security context
I, [2017-01-24T03:43:49.065965 #46123]  INFO -- default-centos-72:   * remote_file[/opt/tomcat_helloworld/webapps/user-v1.war] action create_if_missing
I, [2017-01-24T03:43:49.167820 #46123]  INFO -- default-centos-72:     - create new file /opt/tomcat_helloworld/webapps/user-v1.war
I, [2017-01-24T03:43:49.167914 #46123]  INFO -- default-centos-72:     - update content in file /opt/tomcat_helloworld/webapps/user-v1.war from none to c234b4
I, [2017-01-24T03:43:49.168067 #46123]  INFO -- default-centos-72:     (file sizes exceed 10000000 bytes, diff output suppressed)
I, [2017-01-24T03:43:49.168134 #46123]  INFO -- default-centos-72:     - change mode from '' to '0755'
I, [2017-01-24T03:43:49.168173 #46123]  INFO -- default-centos-72:     - change owner from '' to 'tomcat_helloworld'
I, [2017-01-24T03:43:49.198744 #46123]  INFO -- default-centos-72:     - change group from '' to 'tomcat_helloworld'
I, [2017-01-24T03:43:49.198812 #46123]  INFO -- default-centos-72:     - restore selinux security context
I, [2017-01-24T03:43:49.207467 #46123]  INFO -- default-centos-72:   * tomcat_service_systemd[helloworld] action start
I, [2017-01-24T03:43:49.207609 #46123]  INFO -- default-centos-72:     * template[/etc/systemd/system/tomcat_helloworld.service] action create (up to date)
I, [2017-01-24T03:43:49.207713 #46123]  INFO -- default-centos-72:     * execute[Load systemd unit file] action nothing (skipped due to action :nothing)
I, [2017-01-24T03:43:49.324852 #46123]  INFO -- default-centos-72:     * service[tomcat_helloworld] action start (up to date)
I, [2017-01-24T03:43:49.324926 #46123]  INFO -- default-centos-72:      (up to date)
I, [2017-01-24T03:43:49.409221 #46123]  INFO -- default-centos-72: 
I, [2017-01-24T03:43:49.409307 #46123]  INFO -- default-centos-72: Running handlers:
I, [2017-01-24T03:43:49.945386 #46123]  INFO -- default-centos-72:   - StatusNotifierHandler
I, [2017-01-24T03:43:49.945483 #46123]  INFO -- default-centos-72: Running handlers complete
I, [2017-01-24T03:43:49.945538 #46123]  INFO -- default-centos-72: Chef Client finished, 2/24 resources updated in 02 minutes 40 seconds
I, [2017-01-24T03:43:50.101569 #46123]  INFO -- default-centos-72: Finished converging <default-centos-72> (2m48.21s).
